default: 123 debug tools 3.1415 
cyan: 123 debug tools 3.14 
magenta: 123 debug tools 3.14 
yellow: 123 debug tools 3.14 
green: 123 debug tools 3.14 
red: 123 debug tools 3.14 
blue: 123 debug tools 3.14 
default: 123 debug tools 3.1415 
cyan: 123 debug tools 3.14 
magenta: 123 debug tools 3.14 
yellow: 123 debug tools 3.14 
green: 123 debug tools 3.14 
red: 123 debug tools 3.14 
blue: 123 debug tools 3.14 
default: 123 debug tools 3.1415 
cyan: 123 debug tools 3.14 
magenta: 123 debug tools 3.14 
yellow: 123 debug tools 3.14 
green: 123 debug tools 3.14 
red: 123 debug tools 3.14 
blue: 123 debug tools 3.14 
